#
# There is insufficient memory for the Java Runtime Environment to continue.
# Native memory allocation (malloc) failed to allocate 1048576 bytes for AllocateHeap
# Possible reasons:
#   The system is out of physical RAM or swap space
#   The process is running with CompressedOops enabled, and the Java Heap may be blocking the growth of the native heap
# Possible solutions:
#   Reduce memory load on the system
#   Increase physical memory or swap space
#   Check if swap backing store is full
#   Decrease Java heap size (-Xmx/-Xms)
#   Decrease number of Java threads
#   Decrease Java thread stack sizes (-Xss)
#   Set larger code cache with -XX:ReservedCodeCacheSize=
#   JVM is running with Unscaled Compressed Oops mode in which the Java heap is
#     placed in the first 4GB address space. The Java Heap base address is the
#     maximum limit for the native heap growth. Please use -XX:HeapBaseMinAddress
#     to set the Java Heap base and to place the Java Heap above 4GB virtual address.
# This output file may be truncated or incomplete.
#
#  Out of Memory Error (memory/allocation.inline.hpp:61), pid=8340, tid=0x0000000000000f84
#
# JRE version:  (8.0_202-b44) (build )
# Java VM: OpenJDK 64-Bit Server VM (25.202-b44 mixed mode windows-amd64 compressed oops)
# Failed to write core dump. Minidumps are not enabled by default on client versions of Windows
#

---------------  T H R E A D  ---------------

Current thread (0x000000000314e000):  JavaThread "Unknown thread" [_thread_in_vm, id=3972, stack(0x0000000002f80000,0x0000000003080000)]

Stack: [0x0000000002f80000,0x0000000003080000]
[error occurred during error reporting (printing stack bounds), id 0xc0000005]

Native frames: (J=compiled Java code, j=interpreted, Vv=VM code, C=native code)


---------------  P R O C E S S  ---------------

Java Threads: ( => current thread )

Other Threads:

=>0x000000000314e000 (exited) JavaThread "Unknown thread" [_thread_in_vm, id=3972, stack(0x0000000002f80000,0x0000000003080000)]

VM state:not at safepoint (normal execution)

VM Mutex/Monitor currently owned by a thread: None

heap address: 0x00000000e1a00000, size: 486 MB, Compressed Oops mode: 32-bit
Narrow klass base: 0x0000000000000000, Narrow klass shift: 3
Compressed class space size: 1073741824 Address: 0x0000000100000000

Heap:
 PSYoungGen      total 9728K, used 174K [0x00000000f5e00000, 0x00000000f6880000, 0x0000000100000000)
  eden space 8704K, 2% used [0x00000000f5e00000,0x00000000f5e2b860,0x00000000f6680000)
  from space 1024K, 0% used [0x00000000f6780000,0x00000000f6780000,0x00000000f6880000)
  to   space 1024K, 0% used [0x00000000f6680000,0x00000000f6680000,0x00000000f6780000)
 ParOldGen       total 22016K, used 0K [0x00000000e1a00000, 0x00000000e2f80000, 0x00000000f5e00000)
  object space 22016K, 0% used [0x00000000e1a00000,0x00000000e1a00000,0x00000000e2f80000)
 Metaspace       used 777K, capacity 4480K, committed 4480K, reserved 1056768K
  class space    used 74K, capacity 384K, committed 384K, reserved 1048576K

Card table byte_map: [0x0000000012640000,0x0000000012740000] byte_map_base: 0x0000000011f33000

Marking Bits: (ParMarkBitMap*) 0x0000000055119f30
 Begin Bits: [0x0000000012b40000, 0x00000000132d8000)
 End Bits:   [0x00000000132d8000, 0x0000000013a70000)

Polling page: 0x00000000017c0000

CodeCache: size=245760Kb used=327Kb max_used=327Kb free=245432Kb
 bounds [0x0000000003280000, 0x00000000034f0000, 0x0000000012280000]
 total_blobs=56 nmethods=0 adapters=38
 compilation: enabled

Compilation events (0 events):
No events

GC Heap History (0 events):
No events

Deoptimization events (0 events):
No events

Classes redefined (0 events):
No events

Internal exceptions (0 events):
No events

Events (10 events):
Event: 0.092 loading class java/lang/Short
Event: 0.092 loading class java/lang/Short done
Event: 0.092 loading class java/lang/Integer
Event: 0.093 loading class java/lang/Integer done
Event: 0.093 loading class java/lang/Long
Event: 0.093 loading class java/lang/Long done
Event: 0.097 loading class java/lang/NullPointerException
Event: 0.097 loading class java/lang/NullPointerException done
Event: 0.097 loading class java/lang/ArithmeticException
Event: 0.097 loading class java/lang/ArithmeticException done


Dynamic libraries:
0x00007ff63f8c0000 - 0x00007ff63f8f1000 	C:\Program Files\JetBrains\WebStorm 2019.1.1\jre64\bin\java.exe
0x00007fff4d740000 - 0x00007fff4d901000 	C:\Windows\SYSTEM32\ntdll.dll
0x00007fff4d430000 - 0x00007fff4d4dd000 	C:\Windows\system32\KERNEL32.DLL
0x00007fff4a210000 - 0x00007fff4a3f8000 	C:\Windows\system32\KERNELBASE.dll
0x00007fff4b1d0000 - 0x00007fff4b277000 	C:\Windows\system32\ADVAPI32.dll
0x00007fff4ac00000 - 0x00007fff4ac9d000 	C:\Windows\system32\msvcrt.dll
0x00007fff4b760000 - 0x00007fff4b7bb000 	C:\Windows\system32\sechost.dll
0x00007fff4b0b0000 - 0x00007fff4b1cd000 	C:\Windows\system32\RPCRT4.dll
0x00007fff4b490000 - 0x00007fff4b5e6000 	C:\Windows\system32\USER32.dll
0x00007fff4aca0000 - 0x00007fff4ae27000 	C:\Windows\system32\GDI32.dll
0x00007fff3e440000 - 0x00007fff3e6b4000 	C:\Windows\WinSxS\amd64_microsoft.windows.common-controls_6595b64144ccf1df_6.0.10586.839_none_a2ddba30a539a2ae\COMCTL32.dll
0x00007fff4ae30000 - 0x00007fff4b0ae000 	C:\Windows\system32\combase.dll
0x00007fff4a150000 - 0x00007fff4a1ba000 	C:\Windows\system32\bcryptPrimitives.dll
0x00007fff4b7d0000 - 0x00007fff4b80b000 	C:\Windows\system32\IMM32.DLL
0x0000000054870000 - 0x0000000054942000 	C:\Program Files\JetBrains\WebStorm 2019.1.1\jre64\bin\msvcr100.dll
0x0000000054950000 - 0x0000000055196000 	C:\Program Files\JetBrains\WebStorm 2019.1.1\jre64\bin\server\jvm.dll
0x00007fff4b750000 - 0x00007fff4b758000 	C:\Windows\system32\PSAPI.DLL
0x00007fff46d70000 - 0x00007fff46d79000 	C:\Windows\SYSTEM32\WSOCK32.dll
0x00007fff4b810000 - 0x00007fff4b87b000 	C:\Windows\system32\WS2_32.dll
0x00007fff48070000 - 0x00007fff48093000 	C:\Windows\SYSTEM32\WINMM.dll
0x00007fff3c820000 - 0x00007fff3c82a000 	C:\Windows\SYSTEM32\VERSION.dll
0x00007fff48040000 - 0x00007fff4806c000 	C:\Windows\SYSTEM32\WINMMBASE.dll
0x00007fff4a1c0000 - 0x00007fff4a203000 	C:\Windows\system32\cfgmgr32.dll
0x00007fff481d0000 - 0x00007fff481df000 	C:\Program Files\JetBrains\WebStorm 2019.1.1\jre64\bin\verify.dll
0x00007fff39d50000 - 0x00007fff39d79000 	C:\Program Files\JetBrains\WebStorm 2019.1.1\jre64\bin\java.dll
0x00007fff481b0000 - 0x00007fff481c6000 	C:\Program Files\JetBrains\WebStorm 2019.1.1\jre64\bin\zip.dll

VM Arguments:
java_command: org.jetbrains.git4idea.http.GitAskPassApp Password for 'https://github.com': 
java_class_path (initial): C:/Program Files/JetBrains/WebStorm 2019.1.1/plugins/git4idea/lib/git4idea-rt.jar;C:/Program Files/JetBrains/WebStorm 2019.1.1/lib/xmlrpc-2.0.1.jar;C:/Program Files/JetBrains/WebStorm 2019.1.1/lib/commons-codec-1.10.jar;C:/Program Files/JetBrains/WebStorm 2019.1.1/lib/util.jar
Launcher Type: SUN_STANDARD

Environment Variables:
PATH=C:/Program Files/Git/mingw64/libexec/git-core;C:/Program Files/Git/mingw64/libexec/git-core;C:\Program Files\Git\mingw64\bin;C:\Program Files\Git\usr\bin;C:\Users\Matthew\bin;C:\Program Files (x86)\Intel\TXE Components\TCS\;C:\Program Files\Intel\TXE Components\TCS\;C:\Windows\system32;C:\Windows;C:\Windows\System32\Wbem;C:\Windows\System32\WindowsPowerShell\v1.0\;C:\Program Files\Intel\TXE Components\DAL\;C:\Program Files (x86)\Intel\TXE Components\DAL\;C:\Program Files\Intel\TXE Components\IPT\;C:\Program Files (x86)\Intel\TXE Components\IPT\;C:\Program Files\nodejs\;C:\Program Files\Git\cmd;C:\Program Files\MySQL\MySQL Shell 8.0\bin\;C:\Program Files\heroku\bin
USERNAME=Matthew
DISPLAY=:0.0
OS=Windows_NT
PROCESSOR_IDENTIFIER=Intel64 Family 6 Model 76 Stepping 3, GenuineIntel



---------------  S Y S T E M  ---------------

OS: Windows 10.0 , 64 bit Build 10586 (10.0.10586.589)

CPU:total 4 (initial active 4) (4 cores per cpu, 1 threads per core) family 6 model 76 stepping 3, cmov, cx8, fxsr, mmx, sse, sse2, sse3, ssse3, sse4.1, sse4.2, popcnt, aes, clmul, erms, 3dnowpref, tsc, tscinvbit

Memory: 4k page, physical 1987284k(156200k free), swap 5704784k(17796k free)

vm_info: OpenJDK 64-Bit Server VM (25.202-b44) for windows-amd64 JRE (1.8.0_202-release-1483-b44), built on Mar 29 2019 17:15:10 by "builduser" with MS VC++ 10.0 (VS2010)

time: Mon May 20 17:39:47 2019
timezone: Paris, Madrid (heure d’été)
elapsed time: 0 seconds (0d 0h 0m 0s)

